2025-10-14 06:01:46,294 p=260817 u=gaurav n=ansible | [DEPRECATION WARNING]: DEFAULT_GATHER_TIMEOUT option, the module_defaults keyword is a more generic version and can apply to all
 calls to the M(ansible.builtin.gather_facts) or M(ansible.builtin.setup) actions, use module_defaults instead. This feature 
will be removed from ansible-core in version 2.18. Deprecation warnings can be disabled by setting deprecation_warnings=False in
 ansible.cfg.
2025-10-14 06:01:46,294 p=260817 u=gaurav n=ansible | ERROR! the playbook: ansible/server-setup.yml could not be found
2025-10-14 06:02:13,147 p=261164 u=gaurav n=ansible | [DEPRECATION WARNING]: DEFAULT_GATHER_TIMEOUT option, the module_defaults keyword is a more generic version and can apply to all
 calls to the M(ansible.builtin.gather_facts) or M(ansible.builtin.setup) actions, use module_defaults instead. This feature 
will be removed from ansible-core in version 2.18. Deprecation warnings can be disabled by setting deprecation_warnings=False in
 ansible.cfg.
2025-10-14 06:02:13,352 p=261164 u=gaurav n=ansible | playbook: server-setup.yml
2025-10-14 06:02:20,121 p=261241 u=gaurav n=ansible | [DEPRECATION WARNING]: DEFAULT_GATHER_TIMEOUT option, the module_defaults keyword is a more generic version and can apply to all
 calls to the M(ansible.builtin.gather_facts) or M(ansible.builtin.setup) actions, use module_defaults instead. This feature 
will be removed from ansible-core in version 2.18. Deprecation warnings can be disabled by setting deprecation_warnings=False in
 ansible.cfg.
2025-10-14 06:02:20,340 p=261241 u=gaurav n=ansible | playbook: k8s-setup.yml
2025-10-14 07:16:41,311 p=298731 u=gaurav n=ansible | [DEPRECATION WARNING]: DEFAULT_GATHER_TIMEOUT option, the module_defaults keyword is a more generic version and can 
apply to all calls to the M(ansible.builtin.gather_facts) or M(ansible.builtin.setup) actions, use module_defaults 
instead. This feature will be removed from ansible-core in version 2.18. Deprecation warnings can be disabled by 
setting deprecation_warnings=False in ansible.cfg.
2025-10-14 07:16:41,511 p=298731 u=gaurav n=ansible | playbook: configure-app.yml
2025-10-14 07:20:32,417 p=300716 u=gaurav n=ansible | [DEPRECATION WARNING]: DEFAULT_GATHER_TIMEOUT option, the module_defaults keyword is a more generic version and can 
apply to all calls to the M(ansible.builtin.gather_facts) or M(ansible.builtin.setup) actions, use module_defaults 
instead. This feature will be removed from ansible-core in version 2.18. Deprecation warnings can be disabled by 
setting deprecation_warnings=False in ansible.cfg.
2025-10-14 07:20:32,592 p=300716 u=gaurav n=ansible | playbook: configure-app.yml
